自定义广播作业/app/build/intermediates/manifest_merge_blame_file/debug/manifest-merger-blame-debug-report.txt
1<?xml version="1.0" encoding="utf-8"?>
2<manifest xmlns:android="http://schemas.android.com/apk/res/android"
3    package="com.example.broadcasttest"
4    android:versionCode="1"
5    android:versionName="1.0" >
6
7    <uses-sdk
8        android:minSdkVersion="14"
8-->src\main\AndroidManifest.xml
9        android:targetSdkVersion="30" />
9-->src\main\AndroidManifest.xml
10
11    <uses-permission android:name="android.permission.ACCESS_NETWORK_STATE" />
11-->src\main\AndroidManifest.xml:5:5-79
11-->src\main\AndroidManifest.xml:5:22-76
12    <uses-permission android:name="android.permission.RECEIVE_BOOT_COMPLETED" />
12-->src\main\AndroidManifest.xml:6:5-80
12-->src\main\AndroidManifest.xml:6:22-78
13
14    <application
14-->src\main\AndroidManifest.xml:8:5-31:19
15        android:allowBackup="true"
15-->src\main\AndroidManifest.xml:9:9-35
16        android:appComponentFactory="androidx.core.app.CoreComponentFactory"
16-->[androidx.core:core:1.3.1] AndroidManifest.xml:24:18-86
17        android:debuggable="true"
18        android:icon="@mipmap/ic_launcher"
18-->src\main\AndroidManifest.xml:10:9-43
19        android:label="@string/app_name"
19-->src\main\AndroidManifest.xml:11:9-41
20        android:roundIcon="@mipmap/ic_launcher_round"
20-->src\main\AndroidManifest.xml:12:9-54
21        android:supportsRtl="true"
21-->src\main\AndroidManifest.xml:13:9-35
22        android:testOnly="true"
23        android:theme="@style/AppTheme" >
23-->src\main\AndroidManifest.xml:14:9-40
24        <receiver
24-->src\main\AndroidManifest.xml:15:9-22:20
25            android:name="com.example.broadcasttest.BootCompleteReceiver"
25-->src\main\AndroidManifest.xml:16:13-49
26            android:enabled="true"
26-->src\main\AndroidManifest.xml:17:13-35
27            android:exported="true" >
27-->src\main\AndroidManifest.xml:18:13-36
28            <intent-filter>
28-->src\main\AndroidManifest.xml:19:13-21:29
29                <action android:name="android.intent.action.BOOT_COMPLETED" />
29-->src\main\AndroidManifest.xml:20:17-79
29-->src\main\AndroidManifest.xml:20:25-76
30            </intent-filter>
31        </receiver>
32
33        <activity android:name="com.example.broadcasttest.MainActivity" >
33-->src\main\AndroidManifest.xml:24:9-30:20
33-->src\main\AndroidManifest.xml:24:19-47
34            <intent-filter>
34-->src\main\AndroidManifest.xml:25:13-29:29
35                <action android:name="android.intent.action.MAIN" />
35-->src\main\AndroidManifest.xml:26:17-69
35-->src\main\AndroidManifest.xml:26:25-66
36
37                <category android:name="android.intent.category.LAUNCHER" />
37-->src\main\AndroidManifest.xml:28:17-77
37-->src\main\AndroidManifest.xml:28:27-74
38            </intent-filter>
39        </activity>
40    </application>
41
42</manifest>